2024-05-28 16:21:09,935 - root - INFO - Running on device=cuda:0
2024-05-28 16:21:11,561 - root - INFO - N_EPOCH: 25000
2024-05-28 16:21:11,561 - root - INFO - LEARNING_RATE: 0.0001
2024-05-28 16:21:11,561 - root - INFO - HIDDEN_LAYER: 5
2024-05-28 16:21:11,561 - root - INFO - HIDDEN_WIDTH: 256
2024-05-28 16:21:11,561 - root - INFO - N_sample: 10000
2024-05-28 16:21:11,561 - root - INFO - EXPERIMENT_NAME: exp_euro_call_market
2024-05-28 16:21:11,561 - root - INFO - PHYSICS_PENALTY: 50
2024-05-28 16:21:11,561 - root - INFO - BVP1_PENALTY: 7
2024-05-28 16:21:11,562 - root - INFO - ERR_SAMPLING: False
2024-05-28 16:21:11,562 - root - INFO - Model type: PINNs
2024-05-28 16:23:05,380 - root - INFO - Model parameters : 264.19K
2024-05-28 16:24:17,163 - root - INFO - Epoch 500, Loss: 30.5839
2024-05-28 16:24:27,114 - root - INFO - Epoch 1000, Loss: 19.6610
2024-05-28 16:24:37,469 - root - INFO - Epoch 1500, Loss: 17.1659
2024-05-28 16:24:49,938 - root - INFO - Epoch 2000, Loss: 11.0806
2024-05-28 16:25:01,781 - root - INFO - Epoch 2500, Loss: 7.0431
2024-05-28 16:25:11,011 - root - INFO - Epoch 3000, Loss: 4.6165
2024-05-28 16:25:22,820 - root - INFO - Epoch 3500, Loss: 3.2692
2024-05-28 16:25:33,932 - root - INFO - Epoch 4000, Loss: 2.4889
2024-05-28 16:25:44,201 - root - INFO - Epoch 4500, Loss: 2.0580
2024-05-28 16:25:53,567 - root - INFO - Epoch 5000, Loss: 2.8466
2024-05-28 16:26:04,766 - root - INFO - Epoch 5500, Loss: 1.3225
2024-05-28 16:26:15,903 - root - INFO - Epoch 6000, Loss: 1.1665
2024-05-28 16:26:26,197 - root - INFO - Epoch 6500, Loss: 1.0536
2024-05-28 16:26:35,632 - root - INFO - Epoch 7000, Loss: 1.1829
2024-05-28 16:26:46,403 - root - INFO - Epoch 7500, Loss: 2.9790
2024-05-28 16:26:56,598 - root - INFO - Epoch 8000, Loss: 0.7568
2024-05-28 16:27:08,672 - root - INFO - Epoch 8500, Loss: 1.1517
2024-05-28 16:27:21,501 - root - INFO - Epoch 9000, Loss: 2.0871
2024-05-28 16:27:33,180 - root - INFO - Epoch 9500, Loss: 0.6856
2024-05-28 16:27:42,533 - root - INFO - Epoch 10000, Loss: 0.5783
2024-05-28 16:27:52,209 - root - INFO - Epoch 10500, Loss: 0.5770
2024-05-28 16:28:04,484 - root - INFO - Epoch 11000, Loss: 0.6260
2024-05-28 16:28:15,050 - root - INFO - Epoch 11500, Loss: 130.1072
2024-05-28 16:28:25,761 - root - INFO - Epoch 12000, Loss: 16.6058
2024-05-28 16:28:39,217 - root - INFO - Epoch 12500, Loss: 10.4925
2024-05-28 16:28:51,469 - root - INFO - Epoch 13000, Loss: 5.2855
2024-05-28 16:29:04,007 - root - INFO - Epoch 13500, Loss: 3.6527
2024-05-28 16:29:13,382 - root - INFO - Epoch 14000, Loss: 2.3665
2024-05-28 16:29:23,158 - root - INFO - Epoch 14500, Loss: 1.9182
2024-05-28 16:29:32,472 - root - INFO - Epoch 15000, Loss: 1.3755
2024-05-28 16:29:44,347 - root - INFO - Epoch 15500, Loss: 1.4108
2024-05-28 16:29:55,951 - root - INFO - Epoch 16000, Loss: 1.0888
2024-05-28 16:30:07,138 - root - INFO - Epoch 16500, Loss: 1.0753
2024-05-28 16:30:20,445 - root - INFO - Epoch 17000, Loss: 0.8857
2024-05-28 16:30:31,520 - root - INFO - Epoch 17500, Loss: 0.8326
2024-05-28 16:30:44,212 - root - INFO - Epoch 18000, Loss: 0.8219
2024-05-28 16:30:53,967 - root - INFO - Epoch 18500, Loss: 0.8065
2024-05-28 16:31:03,680 - root - INFO - Epoch 19000, Loss: 0.9033
2024-05-28 16:31:13,355 - root - INFO - Epoch 19500, Loss: 1.0688
2024-05-28 16:31:22,933 - root - INFO - Epoch 20000, Loss: 0.7312
2024-05-28 16:31:35,971 - root - INFO - Epoch 20500, Loss: 0.7982
2024-05-28 16:31:45,751 - root - INFO - Epoch 21000, Loss: 0.6071
2024-05-28 16:31:57,492 - root - INFO - Epoch 21500, Loss: 0.5783
2024-05-28 16:32:10,643 - root - INFO - Epoch 22000, Loss: 0.5957
2024-05-28 16:32:21,693 - root - INFO - Epoch 22500, Loss: 0.5167
2024-05-28 16:32:31,166 - root - INFO - Epoch 23000, Loss: 0.5899
2024-05-28 16:32:40,859 - root - INFO - Epoch 23500, Loss: 0.7596
2024-05-28 16:32:50,976 - root - INFO - Epoch 24000, Loss: 0.4441
2024-05-28 16:33:01,487 - root - INFO - Epoch 24500, Loss: 0.5526
2024-05-28 16:33:12,358 - root - INFO - Epoch 25000, Loss: 0.6018
2024-05-28 17:04:44,576 - root - INFO - Loss results
2024-05-28 17:04:44,578 - root - INFO -        total_loss  loss_ivp_bvp   loss_BS  loss_bvp1  loss_bvp2  loss_ivp
24999    0.551836      0.446521  0.105315   0.005982   0.060304  0.344345
2024-05-28 17:06:04,251 - root - INFO - MSE net: 3.180
2024-05-28 17:06:29,841 - root - INFO - Coef: 0.991
2024-05-28 18:02:19,827 - root - INFO - MSE net: 3.180
